<?xml version="1.0" encoding="UTF-8"?>
<testng-results ignored="0" total="7" passed="7" failed="0" skipped="0">
  <reporter-output>
  </reporter-output>
  <suite started-at="2024-11-24T12:14:16 IST" name="Default suite" finished-at="2024-11-24T12:16:19 IST" duration-ms="122877">
    <groups>
    </groups>
    <test started-at="2024-11-24T12:14:16 IST" name="Default test" finished-at="2024-11-24T12:16:19 IST" duration-ms="122877">
      <class name="testCases.FitPeoAssignement">
        <test-method is-config="true" signature="setUp()[pri:0, instance:testCases.FitPeoAssignement@4e08711f]" started-at="2024-11-24T12:14:16 IST" name="setUp" finished-at="2024-11-24T12:14:23 IST" duration-ms="7123" status="PASS">
          <reporter-output>
          </reporter-output>
        </test-method> <!-- setUp -->
        <test-method signature="testNavigateRevenueCalculatorPage()[pri:1, instance:testCases.FitPeoAssignement@4e08711f]" started-at="2024-11-24T12:14:23 IST" name="testNavigateRevenueCalculatorPage" finished-at="2024-11-24T12:14:26 IST" duration-ms="2535" status="PASS">
          <reporter-output>
          </reporter-output>
        </test-method> <!-- testNavigateRevenueCalculatorPage -->
        <test-method signature="testScrollDownToSlider()[pri:2, instance:testCases.FitPeoAssignement@4e08711f]" started-at="2024-11-24T12:14:26 IST" name="testScrollDownToSlider" finished-at="2024-11-24T12:14:26 IST" duration-ms="84" status="PASS">
          <reporter-output>
          </reporter-output>
        </test-method> <!-- testScrollDownToSlider -->
        <test-method signature="testAdjustSlider()[pri:3, instance:testCases.FitPeoAssignement@4e08711f]" started-at="2024-11-24T12:14:26 IST" name="testAdjustSlider" finished-at="2024-11-24T12:16:15 IST" duration-ms="109016" status="PASS">
          <reporter-output>
          </reporter-output>
        </test-method> <!-- testAdjustSlider -->
        <test-method signature="testUpdateTextField()[pri:4, instance:testCases.FitPeoAssignement@4e08711f]" started-at="2024-11-24T12:16:15 IST" name="testUpdateTextField" finished-at="2024-11-24T12:16:16 IST" duration-ms="856" status="PASS">
          <reporter-output>
          </reporter-output>
        </test-method> <!-- testUpdateTextField -->
        <test-method signature="testSelectCPTCodes()[pri:5, instance:testCases.FitPeoAssignement@4e08711f]" started-at="2024-11-24T12:16:16 IST" name="testSelectCPTCodes" finished-at="2024-11-24T12:16:18 IST" duration-ms="2549" status="PASS">
          <reporter-output>
          </reporter-output>
        </test-method> <!-- testSelectCPTCodes -->
        <test-method signature="testTotalRecurringReimbursement()[pri:6, instance:testCases.FitPeoAssignement@4e08711f]" started-at="2024-11-24T12:16:18 IST" name="testTotalRecurringReimbursement" finished-at="2024-11-24T12:16:18 IST" duration-ms="107" status="PASS">
          <reporter-output>
          </reporter-output>
        </test-method> <!-- testTotalRecurringReimbursement -->
        <test-method signature="testHeaderDisplayReimbursement()[pri:7, instance:testCases.FitPeoAssignement@4e08711f]" started-at="2024-11-24T12:16:18 IST" name="testHeaderDisplayReimbursement" finished-at="2024-11-24T12:16:19 IST" duration-ms="80" status="PASS">
          <reporter-output>
          </reporter-output>
        </test-method> <!-- testHeaderDisplayReimbursement -->
        <test-method is-config="true" signature="tearDown()[pri:0, instance:testCases.FitPeoAssignement@4e08711f]" started-at="2024-11-24T12:16:19 IST" name="tearDown" finished-at="2024-11-24T12:16:19 IST" duration-ms="425" status="PASS">
          <reporter-output>
          </reporter-output>
        </test-method> <!-- tearDown -->
      </class> <!-- testCases.FitPeoAssignement -->
    </test> <!-- Default test -->
  </suite> <!-- Default suite -->
</testng-results>
